<?xml version="1.0" encoding="utf-8"?>
<TestRun id="19d3fdb3-d13f-46a8-91e6-fd5f3ea4a8cc" name="Sarvesh@HP6440B 2019-02-05 00:44:28" runUser="HP6440B\Sarvesh" xmlns="http://microsoft.com/schemas/VisualStudio/TeamTest/2010">
  <Times creation="2019-02-05T00:44:29.0581110+05:30" queuing="2019-02-05T00:44:29.0581111+05:30" start="2019-02-05T00:44:21.0285643+05:30" finish="2019-02-05T00:44:29.1591047+05:30" />
  <TestSettings name="default" id="d663733f-42b3-4b30-b8e0-d8c4d75ec9aa">
    <Deployment runDeploymentRoot="Sarvesh_HP6440B_2019-02-05_00_44_28" />
  </TestSettings>
  <Results>
    <UnitTestResult executionId="56cf5bba-4e3e-4cf3-9f93-5a54a7c1bfba" testId="a0b76b02-5159-e079-e650-07a970f78578" testName="UnitTest003_Test_Product_Class_And_Structure" computerName="HP6440B" duration="00:00:00.0030000" startTime="2019-02-05T00:44:28.0000000+05:30" endTime="2019-02-05T00:44:28.0000000+05:30" testType="13cdc9d9-ddb5-4fa4-a97d-d965ccfc6d4b" outcome="Passed" testListId="8c84fa94-04c1-424b-9868-57a2d4851a1d" relativeResultsDirectory="56cf5bba-4e3e-4cf3-9f93-5a54a7c1bfba">
      <Output>
        <StdOut>***** STARTING TEST STEP:- UnitTest003_Test_Product_Class_And_Structure *****</StdOut>
        <ErrorInfo>
          <Message>UnitTest003_Test_Product_Class_And_Structure : is passed</Message>
        </ErrorInfo>
      </Output>
    </UnitTestResult>
    <UnitTestResult executionId="da47e2d8-c222-4684-a9a8-02321ea5a398" testId="31b51523-a5d0-5ae7-e84b-01a8cf660e26" testName="UnitTest004_Test_Token_Class_And_Structure" computerName="HP6440B" duration="00:00:00.0060000" startTime="2019-02-05T00:44:28.0000000+05:30" endTime="2019-02-05T00:44:28.0000000+05:30" testType="13cdc9d9-ddb5-4fa4-a97d-d965ccfc6d4b" outcome="Passed" testListId="8c84fa94-04c1-424b-9868-57a2d4851a1d" relativeResultsDirectory="da47e2d8-c222-4684-a9a8-02321ea5a398">
      <Output>
        <StdOut>***** STARTING TEST STEP:- UnitTest004_Test_Token_Class_And_Structure *****</StdOut>
        <ErrorInfo>
          <Message>UnitTest004_Test_Token_Class_And_Structure : is passed</Message>
        </ErrorInfo>
      </Output>
    </UnitTestResult>
    <UnitTestResult executionId="f21900d0-98c4-4a95-b55e-d592e9b220b2" testId="91e7a16d-2113-2618-3404-835303350045" testName="UnitTest002_Test_Category_Class_And_Structure" computerName="HP6440B" duration="00:00:00.2370000" startTime="2019-02-05T00:44:28.0000000+05:30" endTime="2019-02-05T00:44:28.0000000+05:30" testType="13cdc9d9-ddb5-4fa4-a97d-d965ccfc6d4b" outcome="Passed" testListId="8c84fa94-04c1-424b-9868-57a2d4851a1d" relativeResultsDirectory="f21900d0-98c4-4a95-b55e-d592e9b220b2">
      <Output>
        <StdOut>***** STARTING TEST STEP:- UnitTest002_Test_Category_Class_And_Structure *****</StdOut>
        <ErrorInfo>
          <Message>UnitTest002_Test_Category_Class_And_Structure : is passed</Message>
        </ErrorInfo>
      </Output>
    </UnitTestResult>
    <UnitTestResult executionId="74bd1624-7d08-4e81-a575-2a4d2a21d59f" testId="2d74536e-797f-2fe1-33c9-956553d6f91a" testName="UnitTest005_Test_CategoryWithStock_Class_And_Structure" computerName="HP6440B" duration="00:00:00.0170000" startTime="2019-02-05T00:44:28.0000000+05:30" endTime="2019-02-05T00:44:28.0000000+05:30" testType="13cdc9d9-ddb5-4fa4-a97d-d965ccfc6d4b" outcome="Passed" testListId="8c84fa94-04c1-424b-9868-57a2d4851a1d" relativeResultsDirectory="74bd1624-7d08-4e81-a575-2a4d2a21d59f">
      <Output>
        <StdOut>***** STARTING TEST STEP:- UnitTest005_Test_CategoryWithStock_Class_And_Structure *****</StdOut>
        <ErrorInfo>
          <Message>UnitTest005_Test_CategoryWithStock_Class_And_Structure : is passed</Message>
        </ErrorInfo>
      </Output>
    </UnitTestResult>
    <UnitTestResult executionId="abd9b06b-3675-4b34-bc52-dd1b35a589c3" testId="8ecefe2c-3f03-cf36-56eb-a752a54776f5" testName="UnitTest001_Demo_Test" computerName="HP6440B" duration="00:00:00.0050000" startTime="2019-02-05T00:44:28.0000000+05:30" endTime="2019-02-05T00:44:28.0000000+05:30" testType="13cdc9d9-ddb5-4fa4-a97d-d965ccfc6d4b" outcome="Passed" testListId="8c84fa94-04c1-424b-9868-57a2d4851a1d" relativeResultsDirectory="abd9b06b-3675-4b34-bc52-dd1b35a589c3">
      <Output>
        <StdOut>***** STARTING TEST STEP:- UnitTest001_Demo_Test *****</StdOut>
        <ErrorInfo>
          <Message>UnitTest001_Demo_Test : is passed</Message>
        </ErrorInfo>
      </Output>
    </UnitTestResult>
    <UnitTestResult executionId="3a16af0a-a1d6-4115-8f6f-3a510785b49b" testId="aac6eb54-3bd7-e273-7e8b-7aadbe033d11" testName="Test000_Demo_TestAsync" computerName="HP6440B" duration="00:00:01.2900000" startTime="2019-02-05T00:44:26.0000000+05:30" endTime="2019-02-05T00:44:27.0000000+05:30" testType="13cdc9d9-ddb5-4fa4-a97d-d965ccfc6d4b" outcome="Passed" testListId="8c84fa94-04c1-424b-9868-57a2d4851a1d" relativeResultsDirectory="3a16af0a-a1d6-4115-8f6f-3a510785b49b">
      <Output>
        <StdOut>***** STARTING TEST STEP:- Test000_Demo_TestAsync *****&#xD;
Microsoft.AspNetCore.Mvc.BadRequestObjectResult</StdOut>
      </Output>
    </UnitTestResult>
  </Results>
  <TestDefinitions>
    <UnitTest name="UnitTest002_Test_Category_Class_And_Structure" storage="c:\users\user\desktop\aut\linnworkstargetapplication\linnworksunittests\bin\debug\netcoreapp2.1\linnworksunittests.dll" id="91e7a16d-2113-2618-3404-835303350045">
      <Execution id="f21900d0-98c4-4a95-b55e-d592e9b220b2" />
      <TestMethod codeBase="C:\Users\User\Desktop\AUT\LinnworksTargetApplication\LinnworksUnitTests\bin\Debug\netcoreapp2.1\LinnworksUnitTests.dll" adapterTypeName="executor://nunit3testexecutor/" className="UnitTest.TestCategoryClass" name="UnitTest002_Test_Category_Class_And_Structure" />
    </UnitTest>
    <UnitTest name="Test000_Demo_TestAsync" storage="c:\users\user\desktop\aut\linnworkstargetapplication\linnworksunittests\bin\debug\netcoreapp2.1\linnworksunittests.dll" id="aac6eb54-3bd7-e273-7e8b-7aadbe033d11">
      <Execution id="3a16af0a-a1d6-4115-8f6f-3a510785b49b" />
      <TestMethod codeBase="C:\Users\User\Desktop\AUT\LinnworksTargetApplication\LinnworksUnitTests\bin\Debug\netcoreapp2.1\LinnworksUnitTests.dll" adapterTypeName="executor://nunit3testexecutor/" className="DatabaseIntegrationTests.TestController" name="Test000_Demo_TestAsync" />
    </UnitTest>
    <UnitTest name="UnitTest004_Test_Token_Class_And_Structure" storage="c:\users\user\desktop\aut\linnworkstargetapplication\linnworksunittests\bin\debug\netcoreapp2.1\linnworksunittests.dll" id="31b51523-a5d0-5ae7-e84b-01a8cf660e26">
      <Execution id="da47e2d8-c222-4684-a9a8-02321ea5a398" />
      <TestMethod codeBase="C:\Users\User\Desktop\AUT\LinnworksTargetApplication\LinnworksUnitTests\bin\Debug\netcoreapp2.1\LinnworksUnitTests.dll" adapterTypeName="executor://nunit3testexecutor/" className="UnitTest.TestTokenClass" name="UnitTest004_Test_Token_Class_And_Structure" />
    </UnitTest>
    <UnitTest name="UnitTest001_Demo_Test" storage="c:\users\user\desktop\aut\linnworkstargetapplication\linnworksunittests\bin\debug\netcoreapp2.1\linnworksunittests.dll" id="8ecefe2c-3f03-cf36-56eb-a752a54776f5">
      <Execution id="abd9b06b-3675-4b34-bc52-dd1b35a589c3" />
      <TestMethod codeBase="C:\Users\User\Desktop\AUT\LinnworksTargetApplication\LinnworksUnitTests\bin\Debug\netcoreapp2.1\LinnworksUnitTests.dll" adapterTypeName="executor://nunit3testexecutor/" className="UnitTest.TestTutorialClass" name="UnitTest001_Demo_Test" />
    </UnitTest>
    <UnitTest name="UnitTest003_Test_Product_Class_And_Structure" storage="c:\users\user\desktop\aut\linnworkstargetapplication\linnworksunittests\bin\debug\netcoreapp2.1\linnworksunittests.dll" id="a0b76b02-5159-e079-e650-07a970f78578">
      <Execution id="56cf5bba-4e3e-4cf3-9f93-5a54a7c1bfba" />
      <TestMethod codeBase="C:\Users\User\Desktop\AUT\LinnworksTargetApplication\LinnworksUnitTests\bin\Debug\netcoreapp2.1\LinnworksUnitTests.dll" adapterTypeName="executor://nunit3testexecutor/" className="UnitTest.TestProductClass" name="UnitTest003_Test_Product_Class_And_Structure" />
    </UnitTest>
    <UnitTest name="UnitTest005_Test_CategoryWithStock_Class_And_Structure" storage="c:\users\user\desktop\aut\linnworkstargetapplication\linnworksunittests\bin\debug\netcoreapp2.1\linnworksunittests.dll" id="2d74536e-797f-2fe1-33c9-956553d6f91a">
      <Execution id="74bd1624-7d08-4e81-a575-2a4d2a21d59f" />
      <TestMethod codeBase="C:\Users\User\Desktop\AUT\LinnworksTargetApplication\LinnworksUnitTests\bin\Debug\netcoreapp2.1\LinnworksUnitTests.dll" adapterTypeName="executor://nunit3testexecutor/" className="UnitTest.TestCategotyWithStockClass" name="UnitTest005_Test_CategoryWithStock_Class_And_Structure" />
    </UnitTest>
  </TestDefinitions>
  <TestEntries>
    <TestEntry testId="a0b76b02-5159-e079-e650-07a970f78578" executionId="56cf5bba-4e3e-4cf3-9f93-5a54a7c1bfba" testListId="8c84fa94-04c1-424b-9868-57a2d4851a1d" />
    <TestEntry testId="31b51523-a5d0-5ae7-e84b-01a8cf660e26" executionId="da47e2d8-c222-4684-a9a8-02321ea5a398" testListId="8c84fa94-04c1-424b-9868-57a2d4851a1d" />
    <TestEntry testId="91e7a16d-2113-2618-3404-835303350045" executionId="f21900d0-98c4-4a95-b55e-d592e9b220b2" testListId="8c84fa94-04c1-424b-9868-57a2d4851a1d" />
    <TestEntry testId="2d74536e-797f-2fe1-33c9-956553d6f91a" executionId="74bd1624-7d08-4e81-a575-2a4d2a21d59f" testListId="8c84fa94-04c1-424b-9868-57a2d4851a1d" />
    <TestEntry testId="8ecefe2c-3f03-cf36-56eb-a752a54776f5" executionId="abd9b06b-3675-4b34-bc52-dd1b35a589c3" testListId="8c84fa94-04c1-424b-9868-57a2d4851a1d" />
    <TestEntry testId="aac6eb54-3bd7-e273-7e8b-7aadbe033d11" executionId="3a16af0a-a1d6-4115-8f6f-3a510785b49b" testListId="8c84fa94-04c1-424b-9868-57a2d4851a1d" />
  </TestEntries>
  <TestLists>
    <TestList name="Results Not in a List" id="8c84fa94-04c1-424b-9868-57a2d4851a1d" />
    <TestList name="All Loaded Results" id="19431567-8539-422a-85d7-44ee4e166bda" />
  </TestLists>
  <ResultSummary outcome="Completed">
    <Counters total="6" executed="6" passed="6" failed="0" error="0" timeout="0" aborted="0" inconclusive="0" passedButRunAborted="0" notRunnable="0" notExecuted="0" disconnected="0" warning="0" completed="0" inProgress="0" pending="0" />
    <Output>
      <StdOut>NUnit Adapter 3.12.0.0: Test execution startedRunning all tests in C:\Users\User\Desktop\AUT\LinnworksTargetApplication\LinnworksUnitTests\bin\Debug\netcoreapp2.1\LinnworksUnitTests.dll   NUnit3TestExecutor converted 6 of 6 NUnit test casesNUnit Adapter 3.12.0.0: Test execution complete</StdOut>
    </Output>
  </ResultSummary>
</TestRun>